PHP Error[28-07-16 13:59:46] => {1}=>{SENTENCIA 
 [SELECT fun_crear_categoria('Categoria Uño','Descripcion categoria uno','') as respuesta]}
PHP Error[28-07-16 14:00:16] => {1}=>{SENTENCIA 
 [SELECT fun_crear_categoria('Categoria Uno','Descripcion categoria uno','') as respuesta]}
PHP Error[28-07-16 14:00:19] => {1}=>{SENTENCIA 
 [SELECT fun_crear_categoria('Categoria Uno','Descripcion categoria uno','') as respuesta]}
PHP Error[28-07-16 22:21:42] => {1}=>{SENTENCIA 
 [SELECT fun_crear_categoria('Categoria Uno','Descripcion categoria uno','') as respuesta]}
PHP Error[28-07-16 22:23:55] => {1}=>{SENTENCIA 
 [SELECT fun_crear_categoria('Categoria Uno','Descripcion categoria uno','') as respuesta]}
PHP Error[28-07-16 22:24:17] => {1}=>{SENTENCIA 
 [SELECT fun_crear_categoria('Categoria Uno','Descripcion categoria uno','') as respuesta]}
PHP Error[28-07-16 22:25:45] => {1}=>{SENTENCIA 
 [SELECT fun_crear_categoria('Categoria Uno','Descripcion categoria uno','') as respuesta]}
PHP Error[28-07-16 22:25:47] => {1}=>{SENTENCIA 
 [SELECT fun_crear_categoria('Categoria Uno','Descripcion categoria uno','') as respuesta]}
PHP Error[28-07-16 22:25:55] => {1}=>{SENTENCIA 
 [SELECT fun_crear_categoria('Categoria Un','Descripcion categoria uno','') as respuesta]}
PHP Error[28-07-16 22:48:22] => {1}=>{SENTENCIA 
 [SELECT fun_crear_categoria('Ñoño','Descripcion categoria uno','') as respuesta]}
PHP Error[28-07-16 23:46:56] => {1}=>{SENTENCIA 
 [SELECT fun_crear_categoria('Ñoño','Descripcion categoria uno','') as respuesta]}
PHP Error[29-07-16 00:23:51] => {1}=>{SENTENCIA 
 [SELECT fun_crear_categoria('','','') as respuesta]}
PHP Error[29-07-16 00:33:44] => {1}=>{SENTENCIA 
 [SELECT fun_crear_categoria('Ñoño','Descripcion categoria uno','64 La Jetee.jpg') as respuesta]}
PHP Error[29-07-16 00:34:09] => {1}=>{SENTENCIA 
 [SELECT fun_crear_categoria('Ñoño','Descripcion categoria uno','64 La Jetee.jpg') as respuesta]}
PHP Error[29-07-16 00:35:04] => {1}=>{SENTENCIA 
 [SELECT fun_crear_categoria('Ñoño 7','Descripcion categoria uno','64 La Jetee.jpg') as respuesta]}
PHP Error[29-07-16 00:37:33] => {1}=>{SENTENCIA 
 [SELECT fun_crear_categoria('Ñoño 7','Descripcion categoria uno','64 La Jetee.jpg') as respuesta]}
PHP Error[29-07-16 00:37:45] => {1}=>{SENTENCIA 
 [SELECT fun_crear_categoria('Ñoño 7','Descripcion categoria uno','64 La Jetee.jpg') as respuesta]}
PHP Error[29-07-16 00:51:54] => {1}=>{SENTENCIA 
 [SELECT fun_crear_categoria('Ñoño','Descripcion categoria uno','64 La Jetee.jpg') as respuesta]}
PHP Error[29-07-16 00:55:17] => {1}=>{SENTENCIA 
 [SELECT fun_crear_categoria('Ñoño','Descripcion categoria uno','64 La Jetee.jpg') as respuesta]}
PHP Error[29-07-16 01:04:41] => {1}=>{SENTENCIA 
 [SELECT fun_crear_categoria('Ñoño','Descripcion categoria uno','') as respuesta]}
PHP Error[29-07-16 01:05:40] => {1}=>{SENTENCIA 
 [SELECT fun_crear_categoria('Ñoño','Descripcion categoria uno','default.png') as respuesta]}
PHP Error[29-07-16 18:35:55] => {1}=>{CALL pa_consultar_productos_por_codigo('1')}
PHP Error[29-07-16 18:36:35] => {1}=>{CALL pa_consultar_productos_por_codigo('1')}
PHP Error[29-07-16 18:38:49] => {1}=>{CALL pa_consultar_archivos_producto('3')}
PHP Error[29-07-16 18:39:22] => {1}=>{CALL pa_consultar_archivos_producto('3')}
PHP Error[29-07-16 18:39:35] => {1}=>{CALL pa_consultar_archivos_producto('3')}
PHP Error[29-07-16 18:39:46] => {1}=>{CALL pa_consultar_archivos_producto('3')}
PHP Error[29-07-16 18:41:05] => {1}=>{CALL pa_consultar_productos_por_codigo('0')}
PHP Error[29-07-16 18:46:10] => {1}=>{CALL pa_consultar_archivos_producto('2')}
PHP Error[29-07-16 18:46:53] => {1}=>{CALL pa_consultar_productos_por_codigo('1000')}
